[debug] [2024-11-05T10:34:01.055Z] ----------------------------------------------------------------------
[debug] [2024-11-05T10:34:01.056Z] Command:       /Users/tagir/.nvm/versions/node/v20.11.1/bin/node /Users/tagir/.nvm/versions/node/v20.11.1/bin/firebase init
[debug] [2024-11-05T10:34:01.056Z] CLI Version:   13.16.0
[debug] [2024-11-05T10:34:01.057Z] Platform:      darwin
[debug] [2024-11-05T10:34:01.057Z] Node Version:  v20.11.1
[debug] [2024-11-05T10:34:01.057Z] Time:          Tue Nov 05 2024 11:34:01 GMT+0100 (Central European Standard Time)
[debug] [2024-11-05T10:34:01.057Z] ----------------------------------------------------------------------
[debug] 
[debug] [2024-11-05T10:34:01.059Z] > command requires scopes: ["email","openid","https://www.googleapis.com/auth/cloudplatformprojects.readonly","https://www.googleapis.com/auth/firebase","https://www.googleapis.com/auth/cloud-platform"]
[debug] [2024-11-05T10:34:01.059Z] > authorizing via signed-in user (sharipovtagir095@gmail.com)
[info] 
     ######## #### ########  ######## ########     ###     ######  ########
     ##        ##  ##     ## ##       ##     ##  ##   ##  ##       ##
     ######    ##  ########  ######   ########  #########  ######  ######
     ##        ##  ##    ##  ##       ##     ## ##     ##       ## ##
     ##       #### ##     ## ######## ########  ##     ##  ######  ########

You're about to initialize a Firebase project in this directory:

  /Users/tagir/Projects/tagir-website

[info] 
=== Project Setup
[info] 
[info] First, let's associate this project directory with a Firebase project.
[info] You can create multiple project aliases by running firebase use --add, 
[info] but for now we'll just set up a default project.
[info] 
[debug] [2024-11-05T10:34:28.024Z] > refreshing access token with scopes: []
[debug] [2024-11-05T10:34:28.027Z] >>> [apiv2][query] POST https://www.googleapis.com/oauth2/v3/token [none]
[debug] [2024-11-05T10:34:28.027Z] >>> [apiv2][body] POST https://www.googleapis.com/oauth2/v3/token [omitted]
[debug] [2024-11-05T10:34:28.194Z] <<< [apiv2][status] POST https://www.googleapis.com/oauth2/v3/token 400
[debug] [2024-11-05T10:34:28.194Z] <<< [apiv2][body] POST https://www.googleapis.com/oauth2/v3/token [omitted]
[debug] [2024-11-05T10:34:28.195Z] >>> [apiv2][query] GET https://firebase.googleapis.com/v1beta1/projects pageSize=100
[debug] [2024-11-05T10:34:28.334Z] <<< [apiv2][status] GET https://firebase.googleapis.com/v1beta1/projects 401
[debug] [2024-11-05T10:34:28.334Z] <<< [apiv2][body] GET https://firebase.googleapis.com/v1beta1/projects [omitted]
[debug] [2024-11-05T10:34:28.335Z] HTTP Error: 401, Request had invalid authentication credentials. Expected OAuth 2 access token, login cookie or other valid authentication credential. See https://developers.google.com/identity/sign-in/web/devconsole-project.
[debug] [2024-11-05T10:34:28.336Z] FirebaseError: HTTP Error: 401, Request had invalid authentication credentials. Expected OAuth 2 access token, login cookie or other valid authentication credential. See https://developers.google.com/identity/sign-in/web/devconsole-project.
    at responseToError (/Users/tagir/.nvm/versions/node/v20.11.1/lib/node_modules/firebase-tools/lib/responseToError.js:49:12)
    at RetryOperation._fn (/Users/tagir/.nvm/versions/node/v20.11.1/lib/node_modules/firebase-tools/lib/apiv2.js:305:77)
    at process.processTicksAndRejections (node:internal/process/task_queues:95:5)
[error] 
[error] Error: Failed to list Firebase projects. See firebase-debug.log for more info.
